..\Build\CLRHost.ilk
..\Build\CLRHost.pdb
C:\PROJECTS\DEVELOPEMENT\WORLD OF WARCRAFT\CLEANCORE\BUILD\CLRHOST.DLL
C:\PROJECTS\DEVELOPEMENT\WORLD OF WARCRAFT\CLEANCORE\BUILD\CLRHOST.ILK
C:\PROJECTS\DEVELOPEMENT\WORLD OF WARCRAFT\CLEANCORE\BUILD\CLRHOST.PDB
C:\Projects\Developement\World of Warcraft\cleanCore\CLRHost\..\Build\CLRHost.dll
C:\Projects\Developement\World of Warcraft\cleanCore\CLRHost\Debug\cl.command.1.tlog
C:\Projects\Developement\World of Warcraft\cleanCore\CLRHost\Debug\CL.read.1.tlog
C:\Projects\Developement\World of Warcraft\cleanCore\CLRHost\Debug\CL.write.1.tlog
C:\PROJECTS\DEVELOPEMENT\WORLD OF WARCRAFT\CLEANCORE\CLRHOST\DEBUG\CLRHOST.DLL.EMBED.MANIFEST
C:\PROJECTS\DEVELOPEMENT\WORLD OF WARCRAFT\CLEANCORE\CLRHOST\DEBUG\CLRHOST.DLL.EMBED.MANIFEST.RES
C:\PROJECTS\DEVELOPEMENT\WORLD OF WARCRAFT\CLEANCORE\CLRHOST\DEBUG\CLRHOST.DLL.INTERMEDIATE.MANIFEST
C:\Projects\Developement\World of Warcraft\cleanCore\CLRHost\Debug\CLRHost_manifest.rc
C:\PROJECTS\DEVELOPEMENT\WORLD OF WARCRAFT\CLEANCORE\CLRHOST\DEBUG\DLLMAIN.OBJ
C:\Projects\Developement\World of Warcraft\cleanCore\CLRHost\Debug\link.696.read.1.tlog
C:\Projects\Developement\World of Warcraft\cleanCore\CLRHost\Debug\link.696.write.1.tlog
C:\Projects\Developement\World of Warcraft\cleanCore\CLRHost\Debug\link.696-cvtres.read.1.tlog
C:\Projects\Developement\World of Warcraft\cleanCore\CLRHost\Debug\link.696-cvtres.write.1.tlog
C:\Projects\Developement\World of Warcraft\cleanCore\CLRHost\Debug\link.command.1.tlog
C:\Projects\Developement\World of Warcraft\cleanCore\CLRHost\Debug\link.read.1.tlog
C:\Projects\Developement\World of Warcraft\cleanCore\CLRHost\Debug\link.write.1.tlog
C:\Projects\Developement\World of Warcraft\cleanCore\CLRHost\Debug\link-cvtres.read.1.tlog
C:\Projects\Developement\World of Warcraft\cleanCore\CLRHost\Debug\link-cvtres.write.1.tlog
C:\Projects\Developement\World of Warcraft\cleanCore\CLRHost\Debug\mt.command.1.tlog
C:\Projects\Developement\World of Warcraft\cleanCore\CLRHost\Debug\mt.read.1.tlog
C:\Projects\Developement\World of Warcraft\cleanCore\CLRHost\Debug\mt.write.1.tlog
C:\Projects\Developement\World of Warcraft\cleanCore\CLRHost\Debug\rc.command.1.tlog
C:\Projects\Developement\World of Warcraft\cleanCore\CLRHost\Debug\rc.read.1.tlog
C:\Projects\Developement\World of Warcraft\cleanCore\CLRHost\Debug\rc.write.1.tlog
C:\Projects\Developement\World of Warcraft\cleanCore\CLRHost\Debug\vc100.idb
C:\PROJECTS\DEVELOPEMENT\WORLD OF WARCRAFT\CLEANCORE\CLRHOST\DEBUG\VC100.PDB
